#
# There is insufficient memory for the Java Runtime Environment to continue.
# Native memory allocation (malloc) failed to allocate 36175872 bytes for committing reserved memory.
# Possible reasons:
#   The system is out of physical RAM or swap space
#   In 32 bit mode, the process size limit was hit
# Possible solutions:
#   Reduce memory load on the system
#   Increase physical memory or swap space
#   Check if swap backing store is full
#   Use 64 bit Java on a 64 bit OS
#   Decrease Java heap size (-Xmx/-Xms)
#   Decrease number of Java threads
#   Decrease Java thread stack sizes (-Xss)
#   Set larger code cache with -XX:ReservedCodeCacheSize=
# This output file may be truncated or incomplete.
#
#  Out of Memory Error (os_linux.cpp:2798), pid=13296, tid=1809840960
#
# JRE version: OpenJDK Runtime Environment (7.0_65-b32) (build 1.7.0_65-b32)
# Java VM: OpenJDK Server VM (24.65-b04 mixed mode linux-x86 )
# Derivative: IcedTea 2.5.3
# Distribution: Ubuntu 14.04 LTS, package 7u71-2.5.3-0ubuntu0.14.04.1
# Failed to write core dump. Core dumps have been disabled. To enable core dumping, try "ulimit -c unlimited" before starting Java again
#

---------------  T H R E A D  ---------------

Current thread (0x6be81000):  VMThread [stack: 0x6bd7f000,0x6be00000] [id=13303]

Stack: [0x6bd7f000,0x6be00000]
VM_Operation (0xb65238e8): ParallelGCFailedAllocation, mode: safepoint, requested by thread 0xb6307800


---------------  P R O C E S S  ---------------

Java Threads: ( => current thread )
  0x6b3ed400 JavaThread "process reaper" daemon [_thread_blocked, id=13312, stack(0x6b468000,0x6b483000)]
  0x6be9d800 JavaThread "Service Thread" daemon [_thread_blocked, id=13309, stack(0x6b72e000,0x6b77f000)]
  0x6be9bc00 JavaThread "C2 CompilerThread1" daemon [_thread_blocked, id=13308, stack(0x6b77f000,0x6b800000)]
  0x6be99c00 JavaThread "C2 CompilerThread0" daemon [_thread_blocked, id=13307, stack(0x6bb2e000,0x6bbaf000)]
  0x6be98000 JavaThread "Signal Dispatcher" daemon [_thread_blocked, id=13306, stack(0x6bbaf000,0x6bc00000)]
  0x6be85000 JavaThread "Finalizer" daemon [_thread_blocked, id=13305, stack(0x6bd2e000,0x6bd7f000)]
  0x6be83800 JavaThread "Reference Handler" daemon [_thread_blocked, id=13304, stack(0x6e82e000,0x6e87f000)]
  0xb6307800 JavaThread "main" [_thread_blocked, id=13298, stack(0xb64d5000,0xb6526000)]

Other Threads:
=>0x6be81000 VMThread [stack: 0x6bd7f000,0x6be00000] [id=13303]
  0x6be9f800 WatcherThread [stack: 0x6b6ad000,0x6b72e000] [id=13310]

VM state:at safepoint (normal execution)

VM Mutex/Monitor currently owned by a thread:  ([mutex/lock_event])
[0xb6304f98] Threads_lock - owner thread: 0x6be81000
[0xb63053a8] Heap_lock - owner thread: 0xb6307800

Heap
 PSYoungGen      total 35584K, used 4860K [0x9f240000, 0xa19c0000, 0xb3240000)
  eden space 30720K, 0% used [0x9f240000,0x9f240000,0xa1040000)
  from space 4864K, 99% used [0xa1040000,0xa14ff280,0xa1500000)
  to   space 4864K, 0% used [0xa1500000,0xa1500000,0xa19c0000)
 ParOldGen       total 40960K, used 8323K [0x77240000, 0x79a40000, 0x9f240000)
  object space 40960K, 20% used [0x77240000,0x77a60c58,0x79a40000)
 PSPermGen       total 16384K, used 11894K [0x6f240000, 0x70240000, 0x77240000)
  object space 16384K, 72% used [0x6f240000,0x6fddd988,0x70240000)

Card table byte_map: [0x6f01f000,0x6f240000] byte_map_base: 0x6eca5e00

Polling page: 0xb76d7000

Code Cache  [0xb3300000, 0xb3540000, 0xb6300000)
 total_blobs=412 nmethods=271 adapters=95 free_code_cache=48322Kb largest_free_block=49457984

Compilation events (10 events):
Event: 12.331 Thread 0x6be99c00  275             com.sun.tools.javac.util.List::prependList (87 bytes)
Event: 12.337 Thread 0x6be99c00 nmethod 275 0xb33c7c08 code [0xb33c7d40, 0xb33c7fbc]
Event: 12.342 Thread 0x6be9bc00 nmethod 267 0xb33d3208 code [0xb33d34a0, 0xb33d41a8]
Event: 12.351 Thread 0x6be99c00  276             com.sun.tools.javac.util.Convert::chars2utf (159 bytes)
Event: 12.354 Thread 0x6be9bc00  277             java.lang.String::codePointAt (36 bytes)
Event: 12.357 Thread 0x6be9bc00 nmethod 277 0xb33c7848 code [0xb33c7960, 0xb33c7a84]
Event: 12.357 Thread 0x6be9bc00  278             java.lang.Character::codePointAtImpl (41 bytes)
Event: 12.357 Thread 0x6be99c00 nmethod 276 0xb33c7288 code [0xb33c73a0, 0xb33c75f0]
Event: 12.359 Thread 0x6be9bc00 nmethod 278 0xb33c6f48 code [0xb33c7060, 0xb33c7144]
Event: 12.365 Thread 0x6be99c00  279             com.sun.tools.javac.jvm.ClassReader::classSigToType (441 bytes)

GC Heap History (10 events):
Event: 4.006 GC heap after
Heap after GC invocations=2 (full 0):
 PSYoungGen      total 17920K, used 2555K [0x9f240000, 0xa0640000, 0xb3240000)
  eden space 15360K, 0% used [0x9f240000,0x9f240000,0xa0140000)
  from space 2560K, 99% used [0xa03c0000,0xa063ec50,0xa0640000)
  to   space 2560K, 0% used [0xa0140000,0xa0140000,0xa03c0000)
 ParOldGen       total 40960K, used 2388K [0x77240000, 0x79a40000, 0x9f240000)
  object space 40960K, 5% used [0x77240000,0x774953b8,0x79a40000)
 PSPermGen       total 16384K, used 6774K [0x6f240000, 0x70240000, 0x77240000)
  object space 16384K, 41% used [0x6f240000,0x6f8ddbf0,0x70240000)
}
Event: 4.771 GC heap before
{Heap before GC invocations=3 (full 0):
 PSYoungGen      total 17920K, used 17915K [0x9f240000, 0xa0640000, 0xb3240000)
  eden space 15360K, 100% used [0x9f240000,0xa0140000,0xa0140000)
  from space 2560K, 99% used [0xa03c0000,0xa063ec50,0xa0640000)
  to   space 2560K, 0% used [0xa0140000,0xa0140000,0xa03c0000)
 ParOldGen       total 40960K, used 2388K [0x77240000, 0x79a40000, 0x9f240000)
  object space 40960K, 5% used [0x77240000,0x774953b8,0x79a40000)
 PSPermGen       total 16384K, used 7230K [0x6f240000, 0x70240000, 0x77240000)
  object space 16384K, 44% used [0x6f240000,0x6f94fa60,0x70240000)
Event: 4.777 GC heap after
Heap after GC invocations=3 (full 0):
 PSYoungGen      total 17920K, used 2546K [0x9f240000, 0xa0640000, 0xb3240000)
  eden space 15360K, 0% used [0x9f240000,0x9f240000,0xa0140000)
  from space 2560K, 99% used [0xa0140000,0xa03bc880,0xa03c0000)
  to   space 2560K, 0% used [0xa03c0000,0xa03c0000,0xa0640000)
 ParOldGen       total 40960K, used 2704K [0x77240000, 0x79a40000, 0x9f240000)
  object space 40960K, 6% used [0x77240000,0x774e4010,0x79a40000)
 PSPermGen       total 16384K, used 7230K [0x6f240000, 0x70240000, 0x77240000)
  object space 16384K, 44% used [0x6f240000,0x6f94fa60,0x70240000)
}
Event: 5.100 GC heap before
{Heap before GC invocations=4 (full 0):
 PSYoungGen      total 17920K, used 17891K [0x9f240000, 0xa0640000, 0xb3240000)
  eden space 15360K, 99% used [0x9f240000,0xa013c3e0,0xa0140000)
  from space 2560K, 99% used [0xa0140000,0xa03bc880,0xa03c0000)
  to   space 2560K, 0% used [0xa03c0000,0xa03c0000,0xa0640000)
 ParOldGen       total 40960K, used 2704K [0x77240000, 0x79a40000, 0x9f240000)
  object space 40960K, 6% used [0x77240000,0x774e4010,0x79a40000)
 PSPermGen       total 16384K, used 8042K [0x6f240000, 0x70240000, 0x77240000)
  object space 16384K, 49% used [0x6f240000,0x6fa1a8b8,0x70240000)
Event: 5.128 GC heap after
Heap after GC invocations=4 (full 0):
 PSYoungGen      total 17920K, used 2548K [0x9f240000, 0xa1540000, 0xb3240000)
  eden space 15360K, 0% used [0x9f240000,0x9f240000,0xa0140000)
  from space 2560K, 99% used [0xa03c0000,0xa063d2b0,0xa0640000)
  to   space 2560K, 0% used [0xa0140000,0xa0140000,0xa03c0000)
 ParOldGen       total 40960K, used 4244K [0x77240000, 0x79a40000, 0x9f240000)
  object space 40960K, 10% used [0x77240000,0x776652f8,0x79a40000)
 PSPermGen       total 16384K, used 8042K [0x6f240000, 0x70240000, 0x77240000)
  object space 16384K, 49% used [0x6f240000,0x6fa1a8b8,0x70240000)
}
Event: 7.579 GC heap before
{Heap before GC invocations=5 (full 0):
 PSYoungGen      total 17920K, used 17908K [0x9f240000, 0xa1540000, 0xb3240000)
  eden space 15360K, 100% used [0x9f240000,0xa0140000,0xa0140000)
  from space 2560K, 99% used [0xa03c0000,0xa063d2b0,0xa0640000)
  to   space 2560K, 0% used [0xa0140000,0xa0140000,0xa03c0000)
 ParOldGen       total 40960K, used 4244K [0x77240000, 0x79a40000, 0x9f240000)
  object space 40960K, 10% used [0x77240000,0x776652f8,0x79a40000)
 PSPermGen       total 16384K, used 8686K [0x6f240000, 0x70240000, 0x77240000)
  object space 16384K, 53% used [0x6f240000,0x6fabba98,0x70240000)
Event: 7.586 GC heap after
Heap after GC invocations=5 (full 0):
 PSYoungGen      total 17920K, used 2551K [0x9f240000, 0xa19c0000, 0xb3240000)
  eden space 15360K, 0% used [0x9f240000,0x9f240000,0xa0140000)
  from space 2560K, 99% used [0xa0140000,0xa03bde18,0xa03c0000)
  to   space 4864K, 0% used [0xa1500000,0xa1500000,0xa19c0000)
 ParOldGen       total 40960K, used 4547K [0x77240000, 0x79a40000, 0x9f240000)
  object space 40960K, 11% used [0x77240000,0x776b0e90,0x79a40000)
 PSPermGen       total 16384K, used 8686K [0x6f240000, 0x70240000, 0x77240000)
  object space 16384K, 53% used [0x6f240000,0x6fabba98,0x70240000)
}
Event: 9.436 GC heap before
{Heap before GC invocations=6 (full 0):
 PSYoungGen      total 17920K, used 17911K [0x9f240000, 0xa19c0000, 0xb3240000)
  eden space 15360K, 100% used [0x9f240000,0xa0140000,0xa0140000)
  from space 2560K, 99% used [0xa0140000,0xa03bde18,0xa03c0000)
  to   space 4864K, 0% used [0xa1500000,0xa1500000,0xa19c0000)
 ParOldGen       total 40960K, used 4547K [0x77240000, 0x79a40000, 0x9f240000)
  object space 40960K, 11% used [0x77240000,0x776b0e90,0x79a40000)
 PSPermGen       total 16384K, used 9006K [0x6f240000, 0x70240000, 0x77240000)
  object space 16384K, 54% used [0x6f240000,0x6fb0b808,0x70240000)
Event: 9.446 GC heap after
Heap after GC invocations=6 (full 0):
 PSYoungGen      total 35584K, used 2891K [0x9f240000, 0xa19c0000, 0xb3240000)
  eden space 30720K, 0% used [0x9f240000,0x9f240000,0xa1040000)
  from space 4864K, 59% used [0xa1500000,0xa17d2cc8,0xa19c0000)
  to   space 4864K, 0% used [0xa1040000,0xa1040000,0xa1500000)
 ParOldGen       total 40960K, used 4547K [0x77240000, 0x79a40000, 0x9f240000)
  object space 40960K, 11% used [0x77240000,0x776b0e90,0x79a40000)
 PSPermGen       total 16384K, used 9006K [0x6f240000, 0x70240000, 0x77240000)
  object space 16384K, 54% used [0x6f240000,0x6fb0b808,0x70240000)
}
Event: 12.370 GC heap before
{Heap before GC invocations=7 (full 0):
 PSYoungGen      total 35584K, used 33611K [0x9f240000, 0xa19c0000, 0xb3240000)
  eden space 30720K, 100% used [0x9f240000,0xa1040000,0xa1040000)
  from space 4864K, 59% used [0xa1500000,0xa17d2cc8,0xa19c0000)
  to   space 4864K, 0% used [0xa1040000,0xa1040000,0xa1500000)
 ParOldGen       total 40960K, used 4547K [0x77240000, 0x79a40000, 0x9f240000)
  object space 40960K, 11% used [0x77240000,0x776b0e90,0x79a40000)
 PSPermGen       total 16384K, used 11894K [0x6f240000, 0x70240000, 0x77240000)
  object space 16384K, 72% used [0x6f240000,0x6fddd988,0x70240000)

Deoptimization events (10 events):
Event: 9.673 Thread 0xb6307800 Uncommon trap: reason=bimorphic action=maybe_recompile pc=0xb3389c64 method=java.util.regex.Pattern$Curly.match0(Ljava/util/regex/Matcher;IILjava/lang/CharSequence;)Z @ 141
Event: 10.158 Thread 0xb6307800 Uncommon trap: reason=bimorphic action=maybe_recompile pc=0xb3389c64 method=java.util.regex.Pattern$Curly.match0(Ljava/util/regex/Matcher;IILjava/lang/CharSequence;)Z @ 141
Event: 10.159 Thread 0xb6307800 Uncommon trap: reason=bimorphic action=maybe_recompile pc=0xb3389c64 method=java.util.regex.Pattern$Curly.match0(Ljava/util/regex/Matcher;IILjava/lang/CharSequence;)Z @ 141
Event: 10.348 Thread 0xb6307800 Uncommon trap: reason=unreached action=reinterpret pc=0xb33a8038 method=org.apache.tools.ant.types.DataType.isReference()Z @ 4
Event: 10.348 Thread 0xb6307800 Uncommon trap: reason=unreached action=reinterpret pc=0xb33a7e44 method=org.apache.tools.ant.types.DataType.isReference()Z @ 4
Event: 11.960 Thread 0xb6307800 Uncommon trap: reason=class_check action=maybe_recompile pc=0xb334af94 method=java.util.Collections$UnmodifiableCollection$1.hasNext()Z @ 4
Event: 11.972 Thread 0xb6307800 Uncommon trap: reason=class_check action=maybe_recompile pc=0xb3363b00 method=sun.misc.URLClassPath.getLoader(I)Lsun/misc/URLClassPath$Loader; @ 150
Event: 11.996 Thread 0xb6307800 Uncommon trap: reason=bimorphic action=maybe_recompile pc=0xb3397b68 method=java.util.regex.Matcher.match(II)Z @ 86
Event: 11.996 Thread 0xb6307800 Uncommon trap: reason=class_check action=maybe_recompile pc=0xb33ab47c method=java.util.regex.Matcher.search(I)Z @ 86
Event: 11.996 Thread 0xb6307800 Uncommon trap: reason=class_check action=maybe_recompile pc=0xb33ab47c method=java.util.regex.Matcher.search(I)Z @ 86

Internal exceptions (10 events):
Event: 12.301 Thread 0xb6307800 Threw 0xa0eb8718 at /build/buildd/openjdk-7-7u71-2.5.3/build/openjdk/hotspot/src/share/vm/prims/jvm.cpp:1284
Event: 12.301 Thread 0xb6307800 Threw 0xa0eb96b0 at /build/buildd/openjdk-7-7u71-2.5.3/build/openjdk/hotspot/src/share/vm/prims/jvm.cpp:1284
Event: 12.302 Thread 0xb6307800 Threw 0xa0ebe698 at /build/buildd/openjdk-7-7u71-2.5.3/build/openjdk/hotspot/src/share/vm/prims/jvm.cpp:1284
Event: 12.302 Thread 0xb6307800 Threw 0xa0ebf6e0 at /build/buildd/openjdk-7-7u71-2.5.3/build/openjdk/hotspot/src/share/vm/prims/jvm.cpp:1284
Event: 12.321 Thread 0xb6307800 Threw 0xa0f36198 at /build/buildd/openjdk-7-7u71-2.5.3/build/openjdk/hotspot/src/share/vm/prims/jvm.cpp:1284
Event: 12.321 Thread 0xb6307800 Threw 0xa0f37348 at /build/buildd/openjdk-7-7u71-2.5.3/build/openjdk/hotspot/src/share/vm/prims/jvm.cpp:1284
Event: 12.322 Thread 0xb6307800 Threw 0xa0f3d790 at /build/buildd/openjdk-7-7u71-2.5.3/build/openjdk/hotspot/src/share/vm/prims/jvm.cpp:1284
Event: 12.322 Thread 0xb6307800 Threw 0xa0f3eac8 at /build/buildd/openjdk-7-7u71-2.5.3/build/openjdk/hotspot/src/share/vm/prims/jvm.cpp:1284
Event: 12.323 Thread 0xb6307800 Threw 0xa0f4ca48 at /build/buildd/openjdk-7-7u71-2.5.3/build/openjdk/hotspot/src/share/vm/prims/jvm.cpp:1284
Event: 12.323 Thread 0xb6307800 Threw 0xa0f4dca8 at /build/buildd/openjdk-7-7u71-2.5.3/build/openjdk/hotspot/src/share/vm/prims/jvm.cpp:1284

Events (10 events):
Event: 12.301 loading class 0x6af61138 done
Event: 12.302 loading class 0x6af32870
Event: 12.302 loading class 0x6af32870 done
Event: 12.321 loading class 0x6abfae18
Event: 12.321 loading class 0x6abfae18 done
Event: 12.322 loading class 0x6abfb300
Event: 12.322 loading class 0x6abfb300 done
Event: 12.323 loading class 0x6abfb398
Event: 12.323 loading class 0x6abfb398 done
Event: 12.370 Executing VM operation: ParallelGCFailedAllocation


Dynamic libraries:
08048000-08049000 r-xp 00000000 08:04 2754142    /usr/lib/jvm/java-7-openjdk-i386/jre/bin/java
08049000-0804a000 r-xp 00000000 08:04 2754142    /usr/lib/jvm/java-7-openjdk-i386/jre/bin/java
0804a000-0804b000 rwxp 00001000 08:04 2754142    /usr/lib/jvm/java-7-openjdk-i386/jre/bin/java
09d95000-09e09000 rwxp 00000000 00:00 0          [heap]
6a700000-6a76d000 rwxp 00000000 00:00 0 
6a76d000-6a800000 ---p 00000000 00:00 0 
6a800000-6a83c000 rwxp 00000000 00:00 0 
6a83c000-6a900000 ---p 00000000 00:00 0 
6a900000-6a9fa000 rwxp 00000000 00:00 0 
6a9fa000-6aa00000 ---p 00000000 00:00 0 
6ab00000-6abff000 rwxp 00000000 00:00 0 
6abff000-6ac00000 ---p 00000000 00:00 0 
6ac00000-6acf0000 rwxp 00000000 00:00 0 
6acf0000-6ad00000 ---p 00000000 00:00 0 
6ad00000-6adfe000 rwxp 00000000 00:00 0 
6adfe000-6ae00000 ---p 00000000 00:00 0 
6ae00000-6aef1000 rwxp 00000000 00:00 0 
6aef1000-6af00000 ---p 00000000 00:00 0 
6af00000-6b000000 rwxp 00000000 00:00 0 
6b022000-6b025000 ---p 00000000 00:00 0 
6b025000-6b073000 rwxp 00000000 00:00 0 
6b073000-6b17d000 r-xp 00000000 08:04 2616833    /lib/i386-linux-gnu/libglib-2.0.so.0.4002.0
6b17d000-6b17e000 r-xp 00109000 08:04 2616833    /lib/i386-linux-gnu/libglib-2.0.so.0.4002.0
6b17e000-6b17f000 rwxp 0010a000 08:04 2616833    /lib/i386-linux-gnu/libglib-2.0.so.0.4002.0
6b17f000-6b2fc000 r-xp 00000000 08:04 2881471    /usr/lib/i386-linux-gnu/libgio-2.0.so.0.4002.0
6b2fc000-6b2fe000 r-xp 0017d000 08:04 2881471    /usr/lib/i386-linux-gnu/libgio-2.0.so.0.4002.0
6b2fe000-6b2ff000 rwxp 0017f000 08:04 2881471    /usr/lib/i386-linux-gnu/libgio-2.0.so.0.4002.0
6b2ff000-6b300000 rwxp 00000000 00:00 0 
6b300000-6b400000 rwxp 00000000 00:00 0 
6b417000-6b41a000 ---p 00000000 00:00 0 
6b41a000-6b468000 rwxp 00000000 00:00 0 
6b468000-6b46b000 ---p 00000000 00:00 0 
6b46b000-6b483000 rwxp 00000000 00:00 0          [stack:13312]
6b483000-6b4ae000 r-xs 001f9000 08:04 2511274    /home/kshridha/android-sdks/tools/lib/guava-17.0.jar
6b4ae000-6b4fe000 r-xp 00000000 08:04 2880935    /usr/lib/i386-linux-gnu/libgobject-2.0.so.0.4002.0
6b4fe000-6b4ff000 r-xp 0004f000 08:04 2880935    /usr/lib/i386-linux-gnu/libgobject-2.0.so.0.4002.0
6b4ff000-6b500000 rwxp 00050000 08:04 2880935    /usr/lib/i386-linux-gnu/libgobject-2.0.so.0.4002.0
6b500000-6b5ff000 rwxp 00000000 00:00 0 
6b5ff000-6b600000 ---p 00000000 00:00 0 
6b605000-6b641000 r-xp 00000000 08:04 2616611    /lib/i386-linux-gnu/libpcre.so.3.13.1
6b641000-6b642000 r-xp 0003b000 08:04 2616611    /lib/i386-linux-gnu/libpcre.so.3.13.1
6b642000-6b643000 rwxp 0003c000 08:04 2616611    /lib/i386-linux-gnu/libpcre.so.3.13.1
6b643000-6b6ad000 r-xs 0069e000 08:04 2748497    /usr/lib/jvm/java-7-openjdk-i386/lib/tools.jar
6b6ad000-6b6ae000 ---p 00000000 00:00 0 
6b6ae000-6b72e000 rwxp 00000000 00:00 0          [stack:13310]
6b72e000-6b731000 ---p 00000000 00:00 0 
6b731000-6b77f000 rwxp 00000000 00:00 0          [stack:13309]
6b77f000-6b782000 ---p 00000000 00:00 0 
6b782000-6b800000 rwxp 00000000 00:00 0          [stack:13308]
6b800000-6ba00000 r-xp 00000000 08:04 2878032    /usr/lib/locale/locale-archive
6ba00000-6ba21000 rwxp 00000000 00:00 0 
6ba21000-6bb00000 ---p 00000000 00:00 0 
6bb03000-6bb0c000 r-xs 000b9000 08:04 2754090    /usr/lib/jvm/java-7-openjdk-i386/jre/lib/resources.jar
6bb0c000-6bb0e000 r-xs 00008000 08:04 2511267    /home/kshridha/android-sdks/tools/lib/emma_ant.jar
6bb0e000-6bb16000 r-xs 00061000 08:04 2509615    /home/kshridha/android-sdks/tools/lib/emma.jar
6bb16000-6bb29000 r-xp 00000000 08:04 2616607    /lib/i386-linux-gnu/libresolv-2.19.so
6bb29000-6bb2a000 ---p 00013000 08:04 2616607    /lib/i386-linux-gnu/libresolv-2.19.so
6bb2a000-6bb2b000 r-xp 00013000 08:04 2616607    /lib/i386-linux-gnu/libresolv-2.19.so
6bb2b000-6bb2c000 rwxp 00014000 08:04 2616607    /lib/i386-linux-gnu/libresolv-2.19.so
6bb2c000-6bb2e000 rwxp 00000000 00:00 0 
6bb2e000-6bb31000 ---p 00000000 00:00 0 
6bb31000-6bbaf000 rwxp 00000000 00:00 0          [stack:13307]
6bbaf000-6bbb2000 ---p 00000000 00:00 0 
6bbb2000-6bc00000 rwxp 00000000 00:00 0          [stack:13306]
6bc00000-6bcfa000 rwxp 00000000 00:00 0 
6bcfa000-6bd00000 ---p 00000000 00:00 0 
6bd01000-6bd06000 r-xs 00041000 08:04 2512480    /home/kshridha/android-sdks/tools/lib/ddmlib.jar
6bd06000-6bd0b000 r-xs 0002a000 08:04 2512137    /home/kshridha/android-sdks/tools/lib/gson-2.2.4.jar
6bd0b000-6bd2b000 r-xp 00000000 08:04 2616615    /lib/i386-linux-gnu/libselinux.so.1
6bd2b000-6bd2c000 r-xp 0001f000 08:04 2616615    /lib/i386-linux-gnu/libselinux.so.1
6bd2c000-6bd2d000 rwxp 00020000 08:04 2616615    /lib/i386-linux-gnu/libselinux.so.1
6bd2d000-6bd2e000 rwxp 00000000 00:00 0 
6bd2e000-6bd31000 ---p 00000000 00:00 0 
6bd31000-6bd7f000 rwxp 00000000 00:00 0          [stack:13305]
6bd7f000-6bd80000 ---p 00000000 00:00 0 
6bd80000-6be00000 rwxp 00000000 00:00 0          [stack:13303]
6be00000-6befe000 rwxp 00000000 00:00 0 
6befe000-6bf00000 ---p 00000000 00:00 0 
6bf01000-6bf03000 r-xs 00003000 08:04 2512078    /home/kshridha/android-sdks/tools/lib/builder-model.jar
6bf03000-6bf0a000 r-xs 0005d000 08:04 2512536    /home/kshridha/android-sdks/tools/lib/sdk-common.jar
6bf0a000-6bf0f000 r-xs 00028000 08:04 2511436    /home/kshridha/android-sdks/tools/lib/httpcore-4.1.jar
6bf0f000-6c0c0000 r-xs 01d25000 08:04 2751361    /usr/lib/jvm/java-7-openjdk-i386/jre/lib/rt.jar
6c0c0000-6e700000 rwxp 00000000 00:00 0 
6e700000-6e7fd000 rwxp 00000000 00:00 0 
6e7fd000-6e800000 ---p 00000000 00:00 0 
6e801000-6e803000 r-xs 0000d000 08:04 2510027    /home/kshridha/android-sdks/tools/lib/commons-codec-1.4.jar
6e803000-6e80b000 r-xs 0004e000 08:04 2509740    /home/kshridha/android-sdks/tools/lib/httpclient-4.1.1.jar
6e80b000-6e810000 r-xp 00000000 08:04 2878113    /usr/lib/i386-linux-gnu/libffi.so.6.0.1
6e810000-6e811000 r-xp 00005000 08:04 2878113    /usr/lib/i386-linux-gnu/libffi.so.6.0.1
6e811000-6e812000 rwxp 00006000 08:04 2878113    /usr/lib/i386-linux-gnu/libffi.so.6.0.1
6e812000-6e814000 r-xs 0000d000 08:04 2512758    /home/kshridha/android-sdks/tools/lib/commons-logging-1.1.1.jar
6e814000-6e816000 r-xs 00005000 08:04 2511999    /home/kshridha/android-sdks/tools/lib/httpmime-4.1.jar
6e816000-6e81d000 r-xs 00053000 08:04 2509925    /home/kshridha/android-sdks/tools/lib/commons-compress-1.8.1.jar
6e81d000-6e81e000 r-xs 00004000 08:04 2509347    /home/kshridha/android-sdks/tools/lib/dvlib.jar
6e81e000-6e81f000 r-xs 0000a000 08:04 2509598    /home/kshridha/android-sdks/tools/lib/kxml2-2.3.0.jar
6e81f000-6e822000 r-xs 00011000 08:04 2509972    /home/kshridha/android-sdks/tools/lib/layoutlib-api.jar
6e822000-6e82c000 r-xs 000a8000 08:04 2509450    /home/kshridha/android-sdks/tools/lib/sdklib.jar
6e82c000-6e82e000 r-xs 00000000 08:04 2512519    /home/kshridha/android-sdks/tools/lib/annotations.jar
6e82e000-6e831000 ---p 00000000 00:00 0 
6e831000-6e87f000 rwxp 00000000 00:00 0          [stack:13304]
6e87f000-6e880000 ---p 00000000 00:00 0 
6e880000-6e900000 rwxp 00000000 00:00 0          [stack:13302]
6e900000-6e921000 rwxp 00000000 00:00 0 
6e921000-6ea00000 ---p 00000000 00:00 0 
6ea00000-6ea02000 r-xs 00011000 08:04 2509424    /home/kshridha/android-sdks/tools/lib/common.jar
6ea02000-6ea05000 r-xs 00029000 08:04 2511822    /home/kshridha/android-sdks/tools/lib/manifest-merger.jar
6ea05000-6ea08000 r-xp 00000000 08:04 2881477    /usr/lib/i386-linux-gnu/libgmodule-2.0.so.0.4002.0
6ea08000-6ea09000 r-xp 00002000 08:04 2881477    /usr/lib/i386-linux-gnu/libgmodule-2.0.so.0.4002.0
6ea09000-6ea0a000 rwxp 00003000 08:04 2881477    /usr/lib/i386-linux-gnu/libgmodule-2.0.so.0.4002.0
6ea0a000-6ea21000 r-xp 00000000 08:04 2751769    /usr/lib/jvm/java-7-openjdk-i386/jre/lib/i386/libnet.so
6ea21000-6ea22000 r-xp 00016000 08:04 2751769    /usr/lib/jvm/java-7-openjdk-i386/jre/lib/i386/libnet.so
6ea22000-6ea23000 rwxp 00017000 08:04 2751769    /usr/lib/jvm/java-7-openjdk-i386/jre/lib/i386/libnet.so
6ea23000-6ea34000 r-xp 00000000 08:04 2751397    /usr/lib/jvm/java-7-openjdk-i386/jre/lib/i386/libnio.so
6ea34000-6ea35000 r-xp 00010000 08:04 2751397    /usr/lib/jvm/java-7-openjdk-i386/jre/lib/i386/libnio.so
6ea35000-6ea36000 rwxp 00011000 08:04 2751397    /usr/lib/jvm/java-7-openjdk-i386/jre/lib/i386/libnio.so
6ea36000-6ea7f000 rwxp 00000000 00:00 0 
6ea7f000-6ea80000 ---p 00000000 00:00 0 
6ea80000-6eb00000 rwxp 00000000 00:00 0          [stack:13301]
6eb00000-6eb21000 rwxp 00000000 00:00 0 
6eb21000-6ec00000 ---p 00000000 00:00 0 
6ec00000-6ec02000 r-xs 00017000 08:04 2509654    /home/kshridha/android-sdks/tools/lib/ant-tasks.jar
6ec02000-6ec03000 r-xs 00002000 08:04 3147608    /usr/share/java/ant-apache-resolver-1.9.3.jar
6ec03000-6ec04000 r-xs 00003000 08:04 3147183    /usr/share/java/ant-apache-bcel-1.9.3.jar
6ec04000-6ec23000 r-xs 001cc000 08:04 3148779    /usr/share/java/ant-1.9.3.jar
6ec23000-6ec24000 r-xs 00003000 08:04 3146591    /usr/share/java/ant-javamail-1.9.3.jar
6ec24000-6ec7f000 rwxp 00000000 00:00 0 
6ec7f000-6ec80000 ---p 00000000 00:00 0 
6ec80000-6ed00000 rwxp 00000000 00:00 0          [stack:13300]
6ed00000-6ed21000 rwxp 00000000 00:00 0 
6ed21000-6ee00000 ---p 00000000 00:00 0 
6ee00000-6ee01000 r-xs 00002000 08:04 3146589    /usr/share/java/ant-apache-oro-1.9.3.jar
6ee01000-6ee02000 r-xs 00002000 08:04 3145218    /usr/share/java/ant-apache-bsf-1.9.3.jar
6ee02000-6ee03000 r-xs 00001000 08:04 3147589    /usr/share/java/ant-apache-xalan2-1.9.3.jar
6ee03000-6ee05000 r-xs 00001000 08:04 3139816    /usr/share/java/ant-apache-log4j-1.9.3.jar
6ee05000-6ee07000 r-xs 0000a000 08:04 3139818    /usr/share/java/ant-jsch-1.9.3.jar
6ee07000-6ee09000 r-xs 00002000 08:04 3147585    /usr/share/java/ant-junit4-1.9.3.jar
6ee09000-6ee0a000 r-xs 00004000 08:04 3148780    /usr/share/java/ant-launcher-1.9.3.jar
6ee0a000-6ee0d000 r-xs 00018000 08:04 3165877    /usr/share/java/junit-3.8.2.jar
6ee0d000-6ee0e000 r-xs 00002000 08:04 3145216    /usr/share/java/ant-antlr-1.9.3.jar
6ee0e000-6ee10000 r-xs 00004000 08:04 3147587    /usr/share/java/ant-testutil-1.9.3.jar
6ee10000-6ee11000 r-xs 00002000 08:04 3145214    /usr/share/java/ant-apache-regexp-1.9.3.jar
6ee11000-6ee12000 r-xs 00003000 08:04 3147606    /usr/share/java/ant-jdepend-1.9.3.jar
6ee12000-6ee14000 r-xs 00002000 08:04 3146587    /usr/share/java/ant-jmf-1.9.3.jar
6ee14000-6ee17000 r-xs 00014000 08:04 3147185    /usr/share/java/ant-commons-net-1.9.3.jar
6ee17000-6ee18000 r-xs 00002000 08:04 3147609    /usr/share/java/ant-commons-logging-1.9.3.jar
6ee18000-6ee1b000 r-xs 0001a000 08:04 3147607    /usr/share/java/ant-junit-1.9.3.jar
6ee1b000-6ee24000 r-xs 00031000 08:04 3165565    /usr/share/java/xml-apis-1.4.01.jar
6ee24000-6ee26000 r-xs 00015000 08:04 3165559    /usr/share/java/xml-resolver-1.2.jar
6ee26000-6ee2b000 r-xs 00010000 08:04 3165564    /usr/share/java/xml-apis-ext-1.4.01.jar
6ee2b000-6ee44000 r-xs 00132000 08:04 3165571    /usr/share/java/xercesImpl-2.11.0.jar
6ee44000-6ee5e000 rwxp 00000000 00:00 0 
6ee5e000-6ee5f000 ---p 00000000 00:00 0 
6ee5f000-6eef3000 rwxp 00000000 00:00 0          [stack:13299]
6eef3000-6f01f000 rwxp 00000000 00:00 0 
6f01f000-6f027000 rwxp 00000000 00:00 0 
6f027000-6f05f000 rwxp 00000000 00:00 0 
6f05f000-6f073000 rwxp 00000000 00:00 0 
6f073000-6f19f000 rwxp 00000000 00:00 0 
6f19f000-6f1b3000 rwxp 00000000 00:00 0 
6f1b3000-6f23f000 rwxp 00000000 00:00 0 
6f23f000-70240000 rwxp 00000000 00:00 0 
70240000-77240000 rwxp 00000000 00:00 0 
77240000-79a40000 rwxp 00000000 00:00 0 
79a40000-9f240000 rwxp 00000000 00:00 0 
9f240000-a19c0000 rwxp 00000000 00:00 0 
a3c40000-b3240000 rwxp 00000000 00:00 0 
b3240000-b3249000 rwxp 00000000 00:00 0 
b3249000-b3300000 rwxp 00000000 00:00 0 
b3300000-b3540000 rwxp 00000000 00:00 0 
b3540000-b63ff000 rwxp 00000000 00:00 0 
b63ff000-b6400000 ---p 00000000 00:00 0 
b6400000-b6401000 r-xs 00003000 08:04 3139814    /usr/share/java/ant-swing-1.9.3.jar
b6401000-b640a000 r-xs 00031000 08:04 3165565    /usr/share/java/xml-apis-1.4.01.jar
b640a000-b640b000 r-xs 00004000 08:04 3148780    /usr/share/java/ant-launcher-1.9.3.jar
b640b000-b640c000 r-xs 00002000 08:04 2754086    /usr/lib/jvm/java-7-openjdk-i386/jre/lib/ext/dnsns.jar
b640c000-b6410000 r-xs 00034000 08:04 2754076    /usr/lib/jvm/java-7-openjdk-i386/jre/lib/ext/sunjce_provider.jar
b6410000-b6412000 r-xs 00006000 08:04 3139691    /usr/share/java/java-atk-wrapper.jar
b6412000-b6415000 r-xs 0000f000 08:04 2754079    /usr/lib/jvm/java-7-openjdk-i386/jre/lib/ext/icedtea-sound.jar
b6415000-b641d000 rwxp 00000000 00:00 0 
b641d000-b6455000 rwxp 00000000 00:00 0 
b6455000-b6460000 r-xp 00000000 08:04 2616570    /lib/i386-linux-gnu/libnss_files-2.19.so
b6460000-b6461000 r-xp 0000a000 08:04 2616570    /lib/i386-linux-gnu/libnss_files-2.19.so
b6461000-b6462000 rwxp 0000b000 08:04 2616570    /lib/i386-linux-gnu/libnss_files-2.19.so
b6462000-b646c000 r-xp 00000000 08:04 2616577    /lib/i386-linux-gnu/libnss_nis-2.19.so
b646c000-b646d000 r-xp 00009000 08:04 2616577    /lib/i386-linux-gnu/libnss_nis-2.19.so
b646d000-b646e000 rwxp 0000a000 08:04 2616577    /lib/i386-linux-gnu/libnss_nis-2.19.so
b646e000-b6483000 r-xp 00000000 08:04 2616574    /lib/i386-linux-gnu/libnsl-2.19.so
b6483000-b6484000 r-xp 00015000 08:04 2616574    /lib/i386-linux-gnu/libnsl-2.19.so
b6484000-b6485000 rwxp 00016000 08:04 2616574    /lib/i386-linux-gnu/libnsl-2.19.so
b6485000-b6487000 rwxp 00000000 00:00 0 
b6487000-b648b000 r-xs 00085000 08:04 2754088    /usr/lib/jvm/java-7-openjdk-i386/jre/lib/ext/localedata.jar
b648b000-b648d000 r-xs 00012000 08:04 2754083    /usr/lib/jvm/java-7-openjdk-i386/jre/lib/ext/zipfs.jar
b648d000-b6491000 r-xs 0003c000 08:04 2754081    /usr/lib/jvm/java-7-openjdk-i386/jre/lib/ext/sunpkcs11.jar
b6491000-b6499000 r-xp 00000000 08:04 2751389    /usr/lib/jvm/java-7-openjdk-i386/jre/lib/i386/libzip.so
b6499000-b649a000 r-xp 00007000 08:04 2751389    /usr/lib/jvm/java-7-openjdk-i386/jre/lib/i386/libzip.so
b649a000-b649b000 rwxp 00008000 08:04 2751389    /usr/lib/jvm/java-7-openjdk-i386/jre/lib/i386/libzip.so
b649b000-b64a3000 rwxs 00000000 08:04 393329     /tmp/hsperfdata_kshridha/13296
b64a3000-b64ca000 r-xp 00000000 08:04 2751387    /usr/lib/jvm/java-7-openjdk-i386/jre/lib/i386/libjava.so
b64ca000-b64cb000 r-xp 00026000 08:04 2751387    /usr/lib/jvm/java-7-openjdk-i386/jre/lib/i386/libjava.so
b64cb000-b64cc000 rwxp 00027000 08:04 2751387    /usr/lib/jvm/java-7-openjdk-i386/jre/lib/i386/libjava.so
b64cc000-b64d3000 r-xp 00000000 08:04 2616609    /lib/i386-linux-gnu/librt-2.19.so
b64d3000-b64d4000 r-xp 00006000 08:04 2616609    /lib/i386-linux-gnu/librt-2.19.so
b64d4000-b64d5000 rwxp 00007000 08:04 2616609    /lib/i386-linux-gnu/librt-2.19.so
b64d5000-b64d8000 ---p 00000000 00:00 0 
b64d8000-b6526000 rwxp 00000000 00:00 0          [stack:13298]
b6526000-b6542000 r-xp 00000000 08:04 2616382    /lib/i386-linux-gnu/libgcc_s.so.1
b6542000-b6543000 rwxp 0001b000 08:04 2616382    /lib/i386-linux-gnu/libgcc_s.so.1
b6543000-b6587000 r-xp 00000000 08:04 2616571    /lib/i386-linux-gnu/libm-2.19.so
b6587000-b6588000 r-xp 00043000 08:04 2616571    /lib/i386-linux-gnu/libm-2.19.so
b6588000-b6589000 rwxp 00044000 08:04 2616571    /lib/i386-linux-gnu/libm-2.19.so
b6589000-b6665000 r-xp 00000000 08:04 2878042    /usr/lib/i386-linux-gnu/libstdc++.so.6.0.19
b6665000-b6666000 ---p 000dc000 08:04 2878042    /usr/lib/i386-linux-gnu/libstdc++.so.6.0.19
b6666000-b666a000 r-xp 000dc000 08:04 2878042    /usr/lib/i386-linux-gnu/libstdc++.so.6.0.19
b666a000-b666b000 rwxp 000e0000 08:04 2878042    /usr/lib/i386-linux-gnu/libstdc++.so.6.0.19
b666b000-b6672000 rwxp 00000000 00:00 0 
b6672000-b705d000 r-xp 00000000 08:04 2751775    /usr/lib/jvm/java-7-openjdk-i386/jre/lib/i386/server/libjvm.so
b705d000-b705e000 ---p 009eb000 08:04 2751775    /usr/lib/jvm/java-7-openjdk-i386/jre/lib/i386/server/libjvm.so
b705e000-b70b0000 r-xp 009eb000 08:04 2751775    /usr/lib/jvm/java-7-openjdk-i386/jre/lib/i386/server/libjvm.so
b70b0000-b70c4000 rwxp 00a3d000 08:04 2751775    /usr/lib/jvm/java-7-openjdk-i386/jre/lib/i386/server/libjvm.so
b70c4000-b74e2000 rwxp 00000000 00:00 0 
b74e2000-b74fa000 r-xp 00000000 08:04 2633886    /lib/i386-linux-gnu/libz.so.1.2.8
b74fa000-b74fb000 r-xp 00017000 08:04 2633886    /lib/i386-linux-gnu/libz.so.1.2.8
b74fb000-b74fc000 rwxp 00018000 08:04 2633886    /lib/i386-linux-gnu/libz.so.1.2.8
b74fc000-b7514000 r-xp 00000000 08:04 2616608    /lib/i386-linux-gnu/libpthread-2.19.so
b7514000-b7515000 r-xp 00017000 08:04 2616608    /lib/i386-linux-gnu/libpthread-2.19.so
b7515000-b7516000 rwxp 00018000 08:04 2616608    /lib/i386-linux-gnu/libpthread-2.19.so
b7516000-b7518000 rwxp 00000000 00:00 0 
b7518000-b751b000 r-xp 00000000 08:04 2616581    /lib/i386-linux-gnu/libdl-2.19.so
b751b000-b751c000 r-xp 00002000 08:04 2616581    /lib/i386-linux-gnu/libdl-2.19.so
b751c000-b751d000 rwxp 00003000 08:04 2616581    /lib/i386-linux-gnu/libdl-2.19.so
b751d000-b76c6000 r-xp 00000000 08:04 2616567    /lib/i386-linux-gnu/libc-2.19.so
b76c6000-b76c8000 r-xp 001a8000 08:04 2616567    /lib/i386-linux-gnu/libc-2.19.so
b76c8000-b76c9000 rwxp 001aa000 08:04 2616567    /lib/i386-linux-gnu/libc-2.19.so
b76c9000-b76cc000 rwxp 00000000 00:00 0 
b76cc000-b76cd000 r-xp 002c0000 08:04 2878032    /usr/lib/locale/locale-archive
b76cd000-b76d4000 r-xp 00000000 08:04 2616578    /lib/i386-linux-gnu/libnss_compat-2.19.so
b76d4000-b76d5000 r-xp 00006000 08:04 2616578    /lib/i386-linux-gnu/libnss_compat-2.19.so
b76d5000-b76d6000 rwxp 00007000 08:04 2616578    /lib/i386-linux-gnu/libnss_compat-2.19.so
b76d6000-b76d7000 rwxp 00000000 00:00 0 
b76d7000-b76d8000 ---p 00000000 00:00 0 
b76d8000-b76e6000 r-xp 00000000 08:04 2752342    /usr/lib/jvm/java-7-openjdk-i386/jre/lib/i386/libverify.so
b76e6000-b76e7000 r-xp 0000d000 08:04 2752342    /usr/lib/jvm/java-7-openjdk-i386/jre/lib/i386/libverify.so
b76e7000-b76e8000 rwxp 0000e000 08:04 2752342    /usr/lib/jvm/java-7-openjdk-i386/jre/lib/i386/libverify.so
b76e8000-b76f4000 r-xp 00000000 08:04 2752362    /usr/lib/jvm/java-7-openjdk-i386/jre/lib/i386/jli/libjli.so
b76f4000-b76f5000 r-xp 0000c000 08:04 2752362    /usr/lib/jvm/java-7-openjdk-i386/jre/lib/i386/jli/libjli.so
b76f5000-b76f6000 rwxp 0000d000 08:04 2752362    /usr/lib/jvm/java-7-openjdk-i386/jre/lib/i386/jli/libjli.so
b76f6000-b76f9000 rwxp 00000000 00:00 0 
b76f9000-b76fa000 r-xp 00000000 00:00 0          [vdso]
b76fa000-b771a000 r-xp 00000000 08:04 2616566    /lib/i386-linux-gnu/ld-2.19.so
b771a000-b771b000 r-xp 0001f000 08:04 2616566    /lib/i386-linux-gnu/ld-2.19.so
b771b000-b771c000 rwxp 00020000 08:04 2616566    /lib/i386-linux-gnu/ld-2.19.so
bf7e3000-bf7e4000 rwxp 00000000 00:00 0 
bf816000-bf837000 rw-p 00000000 00:00 0          [stack]

VM Arguments:
jvm_args: -Dant.home=/usr/share/ant -Dant.library.dir=/usr/share/ant/lib 
java_command: org.apache.tools.ant.launch.Launcher -cp  debug -f /home/kshridha/Inclass11/platforms/android/build.xml -Dout.dir=ant-build -Dgen.absolute.dir=ant-gen
Launcher Type: SUN_STANDARD

Environment Variables:
JAVA_HOME=/usr/lib/jvm/java-7-openjdk-i386
PATH=/home/kshridha/android-sdks/tools:/home/kshridha/android-sdks/platform-tools:/home/kshridha/android-sdks/build-tools/21.1.2:/home/kshridha/.rbenv/plugins/ruby-build/bin:/home/kshridha/.rbenv/shims:/home/kshridha/.rbenv/bin:/usr/local/sbin:/usr/local/bin:/usr/sbin:/usr/bin:/sbin:/bin:/usr/games:/usr/local/games
SHELL=/bin/bash
DISPLAY=:0

Signal Handlers:
SIGSEGV: [libjvm.so+0x80a5e0], sa_mask[0]=0x7ffbfeff, sa_flags=0x10000004
SIGBUS: [libjvm.so+0x80a5e0], sa_mask[0]=0x7ffbfeff, sa_flags=0x10000004
SIGFPE: [libjvm.so+0x6844f0], sa_mask[0]=0x7ffbfeff, sa_flags=0x10000004
SIGPIPE: [libjvm.so+0x6844f0], sa_mask[0]=0x7ffbfeff, sa_flags=0x10000004
SIGXFSZ: [libjvm.so+0x6844f0], sa_mask[0]=0x7ffbfeff, sa_flags=0x10000004
SIGILL: [libjvm.so+0x6844f0], sa_mask[0]=0x7ffbfeff, sa_flags=0x10000004
SIGUSR1: SIG_DFL, sa_mask[0]=0x00000000, sa_flags=0x00000000
SIGUSR2: [libjvm.so+0x684380], sa_mask[0]=0x00000000, sa_flags=0x10000004
SIGHUP: [libjvm.so+0x6845b0], sa_mask[0]=0x7ffbfeff, sa_flags=0x10000004
SIGINT: [libjvm.so+0x6845b0], sa_mask[0]=0x7ffbfeff, sa_flags=0x10000004
SIGTERM: [libjvm.so+0x6845b0], sa_mask[0]=0x7ffbfeff, sa_flags=0x10000004
SIGQUIT: [libjvm.so+0x6845b0], sa_mask[0]=0x7ffbfeff, sa_flags=0x10000004
SIGTRAP: SIG_DFL, sa_mask[0]=0x00000000, sa_flags=0x00000000


---------------  S Y S T E M  ---------------

OS:Ubuntu 14.04 (trusty)
uname:Linux 3.13.0-44-generic #73-Ubuntu SMP Tue Dec 16 00:23:46 UTC 2014 i686
libc:glibc 2.19 NPTL 2.19 
rlimit: STACK 8192k, CORE 0k, NPROC 30522, NOFILE 4096, AS infinity
load average:4.44 2.65 1.43

/proc/meminfo:
MemTotal:        3926048 kB
MemFree:          236660 kB
Buffers:             912 kB
Cached:          1315764 kB
SwapCached:            0 kB
Active:          1686312 kB
Inactive:        1294512 kB
Active(anon):    1673848 kB
Inactive(anon):  1279564 kB
Active(file):      12464 kB
Inactive(file):    14948 kB
Unevictable:         240 kB
Mlocked:             240 kB
HighTotal:       3075328 kB
HighFree:          77660 kB
LowTotal:         850720 kB
LowFree:          159000 kB
SwapTotal:             0 kB
SwapFree:              0 kB
Dirty:               140 kB
Writeback:             0 kB
AnonPages:       1664828 kB
Mapped:           701280 kB
Shmem:           1288860 kB
Slab:              49892 kB
SReclaimable:      19780 kB
SUnreclaim:        30112 kB
KernelStack:        5896 kB
PageTables:        24516 kB
NFS_Unstable:          0 kB
Bounce:                0 kB
WritebackTmp:          0 kB
CommitLimit:     1963024 kB
Committed_AS:    9266080 kB
VmallocTotal:     122880 kB
VmallocUsed:       19980 kB
VmallocChunk:      97680 kB
HardwareCorrupted:     0 kB
AnonHugePages:    520192 kB
HugePages_Total:       0
HugePages_Free:        0
HugePages_Rsvd:        0
HugePages_Surp:        0
Hugepagesize:       2048 kB
DirectMap4k:       53240 kB
DirectMap2M:      860160 kB


CPU:total 4 (2 cores per cpu, 2 threads per core) family 6 model 37 stepping 2, cmov, cx8, fxsr, mmx, sse, sse2, sse3, ssse3, sse4.1, sse4.2, popcnt, ht, tsc, tscinvbit

/proc/cpuinfo:
processor	: 0
vendor_id	: GenuineIntel
cpu family	: 6
model		: 37
model name	: Intel(R) Core(TM) i3 CPU       M 330  @ 2.13GHz
stepping	: 2
microcode	: 0x9
cpu MHz		: 2133.000
cache size	: 3072 KB
physical id	: 0
siblings	: 4
core id		: 0
cpu cores	: 2
apicid		: 0
initial apicid	: 0
fdiv_bug	: no
f00f_bug	: no
coma_bug	: no
fpu		: yes
fpu_exception	: yes
cpuid level	: 11
wp		: yes
flags		: fpu vme de pse tsc msr pae mce cx8 apic sep mtrr pge mca cmov pat pse36 clflush dts acpi mmx fxsr sse sse2 ss ht tm pbe nx rdtscp lm constant_tsc arch_perfmon pebs bts xtopology nonstop_tsc aperfmperf pni dtes64 monitor ds_cpl vmx est tm2 ssse3 cx16 xtpr pdcm sse4_1 sse4_2 popcnt lahf_lm arat dtherm tpr_shadow vnmi flexpriority ept vpid
bogomips	: 4256.86
clflush size	: 64
cache_alignment	: 64
address sizes	: 36 bits physical, 48 bits virtual
power management:

processor	: 1
vendor_id	: GenuineIntel
cpu family	: 6
model		: 37
model name	: Intel(R) Core(TM) i3 CPU       M 330  @ 2.13GHz
stepping	: 2
microcode	: 0x9
cpu MHz		: 1066.000
cache size	: 3072 KB
physical id	: 0
siblings	: 4
core id		: 0
cpu cores	: 2
apicid		: 1
initial apicid	: 1
fdiv_bug	: no
f00f_bug	: no
coma_bug	: no
fpu		: yes
fpu_exception	: yes
cpuid level	: 11
wp		: yes
flags		: fpu vme de pse tsc msr pae mce cx8 apic sep mtrr pge mca cmov pat pse36 clflush dts acpi mmx fxsr sse sse2 ss ht tm pbe nx rdtscp lm constant_tsc arch_perfmon pebs bts xtopology nonstop_tsc aperfmperf pni dtes64 monitor ds_cpl vmx est tm2 ssse3 cx16 xtpr pdcm sse4_1 sse4_2 popcnt lahf_lm arat dtherm tpr_shadow vnmi flexpriority ept vpid
bogomips	: 4256.86
clflush size	: 64
cache_alignment	: 64
address sizes	: 36 bits physical, 48 bits virtual
power management:

processor	: 2
vendor_id	: GenuineIntel
cpu family	: 6
model		: 37
model name	: Intel(R) Core(TM) i3 CPU       M 330  @ 2.13GHz
stepping	: 2
microcode	: 0x9
cpu MHz		: 933.000
cache size	: 3072 KB
physical id	: 0
siblings	: 4
core id		: 2
cpu cores	: 2
apicid		: 4
initial apicid	: 4
fdiv_bug	: no
f00f_bug	: no
coma_bug	: no
fpu		: yes
fpu_exception	: yes
cpuid level	: 11
wp		: yes
flags		: fpu vme de pse tsc msr pae mce cx8 apic sep mtrr pge mca cmov pat pse36 clflush dts acpi mmx fxsr sse sse2 ss ht tm pbe nx rdtscp lm constant_tsc arch_perfmon pebs bts xtopology nonstop_tsc aperfmperf pni dtes64 monitor ds_cpl vmx est tm2 ssse3 cx16 xtpr pdcm sse4_1 sse4_2 popcnt lahf_lm arat dtherm tpr_shadow vnmi flexpriority ept vpid
bogomips	: 4256.86
clflush size	: 64
cache_alignment	: 64
address sizes	: 36 bits physical, 48 bits virtual
power management:

processor	: 3
vendor_id	: GenuineIntel
cpu family	: 6
model		: 37
model name	: Intel(R) Core(TM) i3 CPU       M 330  @ 2.13GHz
stepping	: 2
microcode	: 0x9
cpu MHz		: 933.000
cache size	: 3072 KB
physical id	: 0
siblings	: 4
core id		: 2
cpu cores	: 2
apicid		: 5
initial apicid	: 5
fdiv_bug	: no
f00f_bug	: no
coma_bug	: no
fpu		: yes
fpu_exception	: yes
cpuid level	: 11
wp		: yes
flags		: fpu vme de pse tsc msr pae mce cx8 apic sep mtrr pge mca cmov pat pse36 clflush dts acpi mmx fxsr sse sse2 ss ht tm pbe nx rdtscp lm constant_tsc arch_perfmon pebs bts xtopology nonstop_tsc aperfmperf pni dtes64 monitor ds_cpl vmx est tm2 ssse3 cx16 xtpr pdcm sse4_1 sse4_2 popcnt lahf_lm arat dtherm tpr_shadow vnmi flexpriority ept vpid
bogomips	: 4256.86
clflush size	: 64
cache_alignment	: 64
address sizes	: 36 bits physical, 48 bits virtual
power management:



Memory: 4k page, physical 3926048k(236660k free), swap 0k(0k free)

vm_info: OpenJDK Server VM (24.65-b04) for linux-x86 JRE (1.7.0_65-b32), built on Oct 22 2014 04:44:59 by "buildd" with gcc 4.8.2

time: Sun Apr 12 01:48:58 2015
elapsed time: 13 seconds

